<?xml version="1.0" encoding="UTF-8"?>
<!-- Generated by org.testng.reporters.JUnitReportReporter -->
<testsuite hostname="DESKTOP-1T547S2" failures="0" tests="1" name="com.actitime.testscripts.CreateTask" time="37.216" errors="0" timestamp="2023-09-26T20:20:53 IST" skipped="0">
  <testcase classname="com.actitime.testscripts.CreateTask" name="testCreateTask" time="37.216"/>
  <system-out>
    <![CDATA[open browser
login
logout
login
logout
login
logout
close browser]]>
  </system-out>
</testsuite> <!-- com.actitime.testscripts.CreateTask -->
