<?xml version="1.0" encoding="UTF-8"?>
<!-- Generated by org.testng.reporters.JUnitReportReporter -->
<testsuite hostname="DESKTOP-1T547S2" failures="0" tests="1" name="com.actitime.testscripts.TestCreateCustomer" time="23.562" errors="0" timestamp="2023-09-11T23:51:38 IST" skipped="0">
  <testcase classname="com.actitime.testscripts.TestCreateCustomer" name="testcustomer" time="23.562"/>
  <system-out>
    <![CDATA[open browser
login
logout
close browser]]>
  </system-out>
</testsuite> <!-- com.actitime.testscripts.TestCreateCustomer -->
