<?xml version="1.0" encoding="UTF-8"?>
<!-- Generated by org.testng.reporters.JUnitReportReporter -->
<testsuite hostname="DESKTOP-1T547S2" failures="0" tests="1" name="com.actitime.testscripts.TestClass" time="19.982" errors="0" timestamp="2023-09-11T23:15:20 IST" skipped="0">
  <testcase classname="com.actitime.testscripts.TestClass" name="testcustomer" time="19.982"/>
  <system-out>
    <![CDATA[open browser
login
logout
close browser]]>
  </system-out>
</testsuite> <!-- com.actitime.testscripts.TestClass -->
